#
# There is insufficient memory for the Java Runtime Environment to continue.
# Native memory allocation (malloc) failed to allocate 734016 bytes for Chunk::new
# Possible reasons:
#   The system is out of physical RAM or swap space
#   The process is running with CompressedOops enabled, and the Java Heap may be blocking the growth of the native heap
# Possible solutions:
#   Reduce memory load on the system
#   Increase physical memory or swap space
#   Check if swap backing store is full
#   Decrease Java heap size (-Xmx/-Xms)
#   Decrease number of Java threads
#   Decrease Java thread stack sizes (-Xss)
#   Set larger code cache with -XX:ReservedCodeCacheSize=
#   JVM is running with Unscaled Compressed Oops mode in which the Java heap is
#     placed in the first 4GB address space. The Java Heap base address is the
#     maximum limit for the native heap growth. Please use -XX:HeapBaseMinAddress
#     to set the Java Heap base and to place the Java Heap above 4GB virtual address.
# This output file may be truncated or incomplete.
#
#  Out of Memory Error (allocation.cpp:389), pid=13324, tid=0x0000000000005f50
#
# JRE version: OpenJDK Runtime Environment (8.0_212-b04) (build 1.8.0_212-release-1586-b04)
# Java VM: OpenJDK 64-Bit Server VM (25.212-b04 mixed mode windows-amd64 compressed oops)
# Failed to write core dump. Minidumps are not enabled by default on client versions of Windows
#

---------------  T H R E A D  ---------------

Current thread (0x00000000180c9000):  JavaThread "C2 CompilerThread2" daemon [_thread_in_native, id=24400, stack(0x0000000018b90000,0x0000000018c90000)]

Stack: [0x0000000018b90000,0x0000000018c90000]
[error occurred during error reporting (printing stack bounds), id 0xc0000005]

Native frames: (J=compiled Java code, j=interpreted, Vv=VM code, C=native code)


Current CompileTask:
C2:   6153 2553       4       groovy.lang.MetaClassImpl$1MOPIter::methodNameAction (325 bytes)


---------------  P R O C E S S  ---------------

Java Threads: ( => current thread )
  0x000000001a707000 JavaThread "Cache worker for execution history cache (C:\Users\krazy\.gradle\caches\5.6.4\executionHistory)" [_thread_blocked, id=24312, stack(0x0000000022230000,0x0000000022330000)]
  0x000000001a70a000 JavaThread "Cache worker for cache directory md-rule (C:\Users\krazy\.gradle\caches\5.6.4\md-rule)" [_thread_blocked, id=6224, stack(0x000000001f600000,0x000000001f700000)]
  0x000000001ad12800 JavaThread "Cache worker for cache directory md-supplier (C:\Users\krazy\.gradle\caches\5.6.4\md-supplier)" [_thread_blocked, id=10872, stack(0x000000001f350000,0x000000001f450000)]
  0x000000001ad0e000 JavaThread "Cache worker for file hash cache (C:\Users\krazy\AndroidStudioProjects\QRBarcodePlus\.gradle\5.6.4\fileHashes)" [_thread_blocked, id=9640, stack(0x000000001f500000,0x000000001f600000)]
  0x000000001ad14000 JavaThread "Cache worker for journal cache (C:\Users\krazy\.gradle\caches\journal-1)" [_thread_blocked, id=21744, stack(0x000000001ceb0000,0x000000001cfb0000)]
  0x000000001ad11000 JavaThread "File lock request listener" [_thread_in_native, id=21852, stack(0x000000001cdb0000,0x000000001ceb0000)]
  0x000000001ad10800 JavaThread "Cache worker for file hash cache (C:\Users\krazy\.gradle\caches\5.6.4\fileHashes)" [_thread_blocked, id=5012, stack(0x000000001ccb0000,0x000000001cdb0000)]
  0x000000001ac0c000 JavaThread "Thread-9" [_thread_blocked, id=6908, stack(0x000000001c9b0000,0x000000001cab0000)]
  0x000000001ac0e800 JavaThread "Stdin handler" [_thread_blocked, id=19540, stack(0x000000001c8b0000,0x000000001c9b0000)]
  0x000000001ac4e000 JavaThread "Asynchronous log dispatcher for DefaultDaemonConnection: socket connection from /127.0.0.1:61609 to /127.0.0.1:61610" [_thread_blocked, id=23336, stack(0x000000001c6b0000,0x000000001c7b0000)]
  0x000000001ac15000 JavaThread "Daemon worker" [_thread_in_vm, id=4252, stack(0x000000001c5b0000,0x000000001c6b0000)]
  0x000000001ac4b000 JavaThread "Cancel handler" [_thread_blocked, id=6036, stack(0x000000001c4b0000,0x000000001c5b0000)]
  0x000000001ac50800 JavaThread "Handler for socket connection from /127.0.0.1:61609 to /127.0.0.1:61610" [_thread_in_native, id=780, stack(0x000000001c1b0000,0x000000001c2b0000)]
  0x000000001ac50000 JavaThread "Daemon" [_thread_blocked, id=15828, stack(0x000000001c0b0000,0x000000001c1b0000)]
  0x000000001ab56800 JavaThread "Daemon periodic checks" [_thread_blocked, id=4852, stack(0x000000001bfb0000,0x000000001c0b0000)]
  0x000000001ab36000 JavaThread "Incoming local TCP Connector on port 61609" [_thread_in_native, id=17012, stack(0x000000001bd70000,0x000000001be70000)]
  0x000000001aab9800 JavaThread "Daemon health stats" [_thread_blocked, id=4316, stack(0x000000001b730000,0x000000001b830000)]
  0x0000000018151800 JavaThread "Service Thread" daemon [_thread_blocked, id=16312, stack(0x0000000018d90000,0x0000000018e90000)]
  0x00000000180cd000 JavaThread "C1 CompilerThread3" daemon [_thread_blocked, id=5996, stack(0x0000000018c90000,0x0000000018d90000)]
=>0x00000000180c9000 JavaThread "C2 CompilerThread2" daemon [_thread_in_native, id=24400, stack(0x0000000018b90000,0x0000000018c90000)]
  0x00000000180b5800 JavaThread "C2 CompilerThread1" daemon [_thread_blocked, id=4128, stack(0x0000000018a90000,0x0000000018b90000)]
  0x00000000180c5000 JavaThread "C2 CompilerThread0" daemon [_thread_blocked, id=7936, stack(0x0000000018990000,0x0000000018a90000)]
  0x00000000180c3800 JavaThread "Attach Listener" daemon [_thread_blocked, id=17872, stack(0x0000000018890000,0x0000000018990000)]
  0x00000000180c2800 JavaThread "Signal Dispatcher" daemon [_thread_blocked, id=21824, stack(0x0000000018790000,0x0000000018890000)]
  0x00000000180b0800 JavaThread "Finalizer" daemon [_thread_blocked, id=25416, stack(0x0000000018590000,0x0000000018690000)]
  0x000000001629c000 JavaThread "Reference Handler" daemon [_thread_blocked, id=14640, stack(0x0000000018490000,0x0000000018590000)]
  0x000000000229d800 JavaThread "main" [_thread_blocked, id=16600, stack(0x00000000022a0000,0x00000000023a0000)]

Other Threads:
  0x0000000016298800 VMThread [stack: 0x0000000017f90000,0x0000000018090000] [id=17648]
  0x0000000018153000 WatcherThread [stack: 0x0000000018e90000,0x0000000018f90000] [id=6544]

VM state:not at safepoint (normal execution)

VM Mutex/Monitor currently owned by a thread: None

heap address: 0x00000000a0000000, size: 1536 MB, Compressed Oops mode: 32-bit
Narrow klass base: 0x0000000000000000, Narrow klass shift: 3
Compressed class space size: 1073741824 Address: 0x0000000100000000

Heap:
 PSYoungGen      total 141824K, used 33551K [0x00000000e0000000, 0x00000000e9500000, 0x0000000100000000)
  eden space 131072K, 17% used [0x00000000e0000000,0x00000000e1648a88,0x00000000e8000000)
  from space 10752K, 99% used [0x00000000e8000000,0x00000000e8a7b458,0x00000000e8a80000)
  to   space 10752K, 0% used [0x00000000e8a80000,0x00000000e8a80000,0x00000000e9500000)
 ParOldGen       total 89088K, used 9821K [0x00000000a0000000, 0x00000000a5700000, 0x00000000e0000000)
  object space 89088K, 11% used [0x00000000a0000000,0x00000000a09974d0,0x00000000a5700000)
 Metaspace       used 32751K, capacity 33356K, committed 33664K, reserved 1079296K
  class space    used 4483K, capacity 4687K, committed 4736K, reserved 1048576K

Card table byte_map: [0x00000000118a0000,0x0000000011bb0000] byte_map_base: 0x00000000113a0000

Marking Bits: (ParMarkBitMap*) 0x0000000069a79f30
 Begin Bits: [0x00000000125b0000, 0x0000000013db0000)
 End Bits:   [0x0000000013db0000, 0x00000000155b0000)

Polling page: 0x0000000000a50000

CodeCache: size=245760Kb used=10282Kb max_used=10311Kb free=235477Kb
 bounds [0x00000000024e0000, 0x0000000002f00000, 0x00000000114e0000]
 total_blobs=3248 nmethods=2563 adapters=598
 compilation: enabled

Compilation events (10 events):
Event: 6.081 Thread 0x00000000180cd000 nmethod 2561 0x0000000002ed91d0 code [0x0000000002ed9940, 0x0000000002edf438]
Event: 6.081 Thread 0x00000000180cd000 2562  s    3       java.lang.StringBuffer::append (13 bytes)
Event: 6.082 Thread 0x00000000180cd000 nmethod 2562 0x0000000002ec2210 code [0x0000000002ec2380, 0x0000000002ec26a8]
Event: 6.128 Thread 0x00000000180cd000 2563       1       org.slf4j.impl.StaticLoggerBinder::getLoggerFactory (5 bytes)
Event: 6.128 Thread 0x00000000180cd000 nmethod 2563 0x0000000002ec1cd0 code [0x0000000002ec1e20, 0x0000000002ec1f30]
Event: 6.129 Thread 0x00000000180b5800 2564       4       java.net.URI::match (56 bytes)
Event: 6.129 Thread 0x00000000180cd000 2565       1       java.util.TreeMap::size (5 bytes)
Event: 6.129 Thread 0x00000000180cd000 nmethod 2565 0x0000000002ee28d0 code [0x0000000002ee2a20, 0x0000000002ee2b30]
Event: 6.130 Thread 0x00000000180b5800 nmethod 2564 0x0000000002ee5850 code [0x0000000002ee5980, 0x0000000002ee5a38]
Event: 6.139 Thread 0x00000000180c5000 nmethod 2506 0x0000000002eec350 code [0x0000000002eed5a0, 0x0000000002ef2e60]

GC Heap History (10 events):
Event: 3.021 GC heap before
{Heap before GC invocations=2 (full 0):
 PSYoungGen      total 76288K, used 71163K [0x00000000e0000000, 0x00000000e5500000, 0x0000000100000000)
  eden space 65536K, 100% used [0x00000000e0000000,0x00000000e4000000,0x00000000e4000000)
  from space 10752K, 52% used [0x00000000e4000000,0x00000000e457ecb8,0x00000000e4a80000)
  to   space 10752K, 0% used [0x00000000e4a80000,0x00000000e4a80000,0x00000000e5500000)
 ParOldGen       total 175104K, used 16K [0x00000000a0000000, 0x00000000aab00000, 0x00000000e0000000)
  object space 175104K, 0% used [0x00000000a0000000,0x00000000a0004000,0x00000000aab00000)
 Metaspace       used 14518K, capacity 14946K, committed 15232K, reserved 1062912K
  class space    used 2014K, capacity 2127K, committed 2176K, reserved 1048576K
Event: 3.031 GC heap after
Heap after GC invocations=2 (full 0):
 PSYoungGen      total 76288K, used 9541K [0x00000000e0000000, 0x00000000e5500000, 0x0000000100000000)
  eden space 65536K, 0% used [0x00000000e0000000,0x00000000e0000000,0x00000000e4000000)
  from space 10752K, 88% used [0x00000000e4a80000,0x00000000e53d17a8,0x00000000e5500000)
  to   space 10752K, 0% used [0x00000000e4000000,0x00000000e4000000,0x00000000e4a80000)
 ParOldGen       total 175104K, used 24K [0x00000000a0000000, 0x00000000aab00000, 0x00000000e0000000)
  object space 175104K, 0% used [0x00000000a0000000,0x00000000a0006000,0x00000000aab00000)
 Metaspace       used 14518K, capacity 14946K, committed 15232K, reserved 1062912K
  class space    used 2014K, capacity 2127K, committed 2176K, reserved 1048576K
}
Event: 3.862 GC heap before
{Heap before GC invocations=3 (full 0):
 PSYoungGen      total 76288K, used 75077K [0x00000000e0000000, 0x00000000e5500000, 0x0000000100000000)
  eden space 65536K, 100% used [0x00000000e0000000,0x00000000e4000000,0x00000000e4000000)
  from space 10752K, 88% used [0x00000000e4a80000,0x00000000e53d17a8,0x00000000e5500000)
  to   space 10752K, 0% used [0x00000000e4000000,0x00000000e4000000,0x00000000e4a80000)
 ParOldGen       total 175104K, used 24K [0x00000000a0000000, 0x00000000aab00000, 0x00000000e0000000)
  object space 175104K, 0% used [0x00000000a0000000,0x00000000a0006000,0x00000000aab00000)
 Metaspace       used 20094K, capacity 20594K, committed 20736K, reserved 1067008K
  class space    used 2910K, capacity 3065K, committed 3072K, reserved 1048576K
Event: 3.883 GC heap after
Heap after GC invocations=3 (full 0):
 PSYoungGen      total 76288K, used 10749K [0x00000000e0000000, 0x00000000e9500000, 0x0000000100000000)
  eden space 65536K, 0% used [0x00000000e0000000,0x00000000e0000000,0x00000000e4000000)
  from space 10752K, 99% used [0x00000000e4000000,0x00000000e4a7f770,0x00000000e4a80000)
  to   space 10752K, 0% used [0x00000000e8a80000,0x00000000e8a80000,0x00000000e9500000)
 ParOldGen       total 175104K, used 1062K [0x00000000a0000000, 0x00000000aab00000, 0x00000000e0000000)
  object space 175104K, 0% used [0x00000000a0000000,0x00000000a0109af0,0x00000000aab00000)
 Metaspace       used 20094K, capacity 20594K, committed 20736K, reserved 1067008K
  class space    used 2910K, capacity 3065K, committed 3072K, reserved 1048576K
}
Event: 3.945 GC heap before
{Heap before GC invocations=4 (full 0):
 PSYoungGen      total 76288K, used 15029K [0x00000000e0000000, 0x00000000e9500000, 0x0000000100000000)
  eden space 65536K, 6% used [0x00000000e0000000,0x00000000e042e060,0x00000000e4000000)
  from space 10752K, 99% used [0x00000000e4000000,0x00000000e4a7f770,0x00000000e4a80000)
  to   space 10752K, 0% used [0x00000000e8a80000,0x00000000e8a80000,0x00000000e9500000)
 ParOldGen       total 175104K, used 1062K [0x00000000a0000000, 0x00000000aab00000, 0x00000000e0000000)
  object space 175104K, 0% used [0x00000000a0000000,0x00000000a0109af0,0x00000000aab00000)
 Metaspace       used 20734K, capacity 21202K, committed 21296K, reserved 1067008K
  class space    used 2996K, capacity 3161K, committed 3200K, reserved 1048576K
Event: 3.952 GC heap after
Heap after GC invocations=4 (full 0):
 PSYoungGen      total 141824K, used 7835K [0x00000000e0000000, 0x00000000e9500000, 0x0000000100000000)
  eden space 131072K, 0% used [0x00000000e0000000,0x00000000e0000000,0x00000000e8000000)
  from space 10752K, 72% used [0x00000000e8a80000,0x00000000e9226de0,0x00000000e9500000)
  to   space 10752K, 0% used [0x00000000e8000000,0x00000000e8000000,0x00000000e8a80000)
 ParOldGen       total 175104K, used 1070K [0x00000000a0000000, 0x00000000aab00000, 0x00000000e0000000)
  object space 175104K, 0% used [0x00000000a0000000,0x00000000a010baf0,0x00000000aab00000)
 Metaspace       used 20734K, capacity 21202K, committed 21296K, reserved 1067008K
  class space    used 2996K, capacity 3161K, committed 3200K, reserved 1048576K
}
Event: 3.952 GC heap before
{Heap before GC invocations=5 (full 1):
 PSYoungGen      total 141824K, used 7835K [0x00000000e0000000, 0x00000000e9500000, 0x0000000100000000)
  eden space 131072K, 0% used [0x00000000e0000000,0x00000000e0000000,0x00000000e8000000)
  from space 10752K, 72% used [0x00000000e8a80000,0x00000000e9226de0,0x00000000e9500000)
  to   space 10752K, 0% used [0x00000000e8000000,0x00000000e8000000,0x00000000e8a80000)
 ParOldGen       total 175104K, used 1070K [0x00000000a0000000, 0x00000000aab00000, 0x00000000e0000000)
  object space 175104K, 0% used [0x00000000a0000000,0x00000000a010baf0,0x00000000aab00000)
 Metaspace       used 20734K, capacity 21202K, committed 21296K, reserved 1067008K
  class space    used 2996K, capacity 3161K, committed 3200K, reserved 1048576K
Event: 3.990 GC heap after
Heap after GC invocations=5 (full 1):
 PSYoungGen      total 141824K, used 0K [0x00000000e0000000, 0x00000000e9500000, 0x0000000100000000)
  eden space 131072K, 0% used [0x00000000e0000000,0x00000000e0000000,0x00000000e8000000)
  from space 10752K, 0% used [0x00000000e8a80000,0x00000000e8a80000,0x00000000e9500000)
  to   space 10752K, 0% used [0x00000000e8000000,0x00000000e8000000,0x00000000e8a80000)
 ParOldGen       total 89088K, used 7658K [0x00000000a0000000, 0x00000000a5700000, 0x00000000e0000000)
  object space 89088K, 8% used [0x00000000a0000000,0x00000000a077aa08,0x00000000a5700000)
 Metaspace       used 20734K, capacity 21202K, committed 21296K, reserved 1067008K
  class space    used 2996K, capacity 3161K, committed 3200K, reserved 1048576K
}
Event: 5.989 GC heap before
{Heap before GC invocations=6 (full 1):
 PSYoungGen      total 141824K, used 131072K [0x00000000e0000000, 0x00000000e9500000, 0x0000000100000000)
  eden space 131072K, 100% used [0x00000000e0000000,0x00000000e8000000,0x00000000e8000000)
  from space 10752K, 0% used [0x00000000e8a80000,0x00000000e8a80000,0x00000000e9500000)
  to   space 10752K, 0% used [0x00000000e8000000,0x00000000e8000000,0x00000000e8a80000)
 ParOldGen       total 89088K, used 7658K [0x00000000a0000000, 0x00000000a5700000, 0x00000000e0000000)
  object space 89088K, 8% used [0x00000000a0000000,0x00000000a077aa08,0x00000000a5700000)
 Metaspace       used 31877K, capacity 32524K, committed 32768K, reserved 1077248K
  class space    used 4358K, capacity 4559K, committed 4608K, reserved 1048576K
Event: 6.003 GC heap after
Heap after GC invocations=6 (full 1):
 PSYoungGen      total 141824K, used 10733K [0x00000000e0000000, 0x00000000e9500000, 0x0000000100000000)
  eden space 131072K, 0% used [0x00000000e0000000,0x00000000e0000000,0x00000000e8000000)
  from space 10752K, 99% used [0x00000000e8000000,0x00000000e8a7b458,0x00000000e8a80000)
  to   space 10752K, 0% used [0x00000000e8a80000,0x00000000e8a80000,0x00000000e9500000)
 ParOldGen       total 89088K, used 9821K [0x00000000a0000000, 0x00000000a5700000, 0x00000000e0000000)
  object space 89088K, 11% used [0x00000000a0000000,0x00000000a09974d0,0x00000000a5700000)
 Metaspace       used 31877K, capacity 32524K, committed 32768K, reserved 1077248K
  class space    used 4358K, capacity 4559K, committed 4608K, reserved 1048576K
}

Deoptimization events (10 events):
Event: 5.244 Thread 0x000000001ac15000 Uncommon trap: reason=unstable_if action=reinterpret pc=0x00000000027f4770 method=java.util.LinkedHashMap.afterNodeInsertion(Z)V @ 1
Event: 5.466 Thread 0x000000001ac15000 Uncommon trap: reason=class_check action=maybe_recompile pc=0x0000000002b4f6f8 method=sun.misc.URLClassPath.getLoader(I)Lsun/misc/URLClassPath$Loader; @ 94
Event: 5.466 Thread 0x000000001ac15000 Uncommon trap: reason=unstable_if action=reinterpret pc=0x0000000002cb9668 method=java.lang.String.regionMatches(ZILjava/lang/String;II)Z @ 41
Event: 5.471 Thread 0x000000001ac15000 Uncommon trap: reason=class_check action=maybe_recompile pc=0x0000000002b53128 method=sun.misc.URLClassPath.getLoader(I)Lsun/misc/URLClassPath$Loader; @ 239
Event: 5.590 Thread 0x000000001ac15000 Uncommon trap: reason=unstable_if action=reinterpret pc=0x000000000278554c method=java.io.WinNTFileSystem.resolve(Ljava/lang/String;Ljava/lang/String;)Ljava/lang/String; @ 49
Event: 5.657 Thread 0x000000001ac15000 Uncommon trap: reason=bimorphic action=maybe_recompile pc=0x0000000002d6b478 method=java.util.WeakHashMap.eq(Ljava/lang/Object;Ljava/lang/Object;)Z @ 7
Event: 5.660 Thread 0x000000001ac15000 Uncommon trap: reason=bimorphic action=maybe_recompile pc=0x0000000002d6b478 method=java.util.WeakHashMap.eq(Ljava/lang/Object;Ljava/lang/Object;)Z @ 7
Event: 5.855 Thread 0x000000001ac15000 Uncommon trap: reason=class_check action=maybe_recompile pc=0x0000000002e65ce8 method=sun.reflect.generics.reflectiveObjects.TypeVariableImpl.getGenericDeclaration()Ljava/lang/reflect/GenericDeclaration; @ 4
Event: 5.855 Thread 0x000000001ac15000 Uncommon trap: reason=class_check action=maybe_recompile pc=0x0000000002e65ce8 method=sun.reflect.generics.reflectiveObjects.TypeVariableImpl.getGenericDeclaration()Ljava/lang/reflect/GenericDeclaration; @ 4
Event: 6.004 Thread 0x000000001629c000 Uncommon trap: reason=unstable_if action=reinterpret pc=0x0000000002a08cbc method=java.lang.ref.Reference.tryHandlePending(Z)Z @ 104

Classes redefined (0 events):
No events

Internal exceptions (10 events):
Event: 5.985 Thread 0x000000001ac15000 Exception <a 'java/lang/ClassNotFoundException': org/gradle/api/internal/artifacts/dsl/dependencies/DefaultDependencyHandler_DecoratedBeanInfo> (0x00000000e7ef3e08) thrown at [D:\src\AOSP-openjdk-cygwin\jdk8u\hotspot\src\share\vm\classfile\systemDictionar
Event: 5.986 Thread 0x000000001ac15000 Exception <a 'java/lang/ClassNotFoundException': org/gradle/api/internal/artifacts/dsl/dependencies/DefaultDependencyHandlerBeanInfo> (0x00000000e7f4cab8) thrown at [D:\src\AOSP-openjdk-cygwin\jdk8u\hotspot\src\share\vm\classfile\systemDictionary.cpp, lin
Event: 5.987 Thread 0x000000001ac15000 Exception <a 'java/lang/ClassNotFoundException': org/gradle/api/internal/artifacts/dsl/dependencies/DefaultDependencyHandlerCustomizer> (0x00000000e7fa6678) thrown at [D:\src\AOSP-openjdk-cygwin\jdk8u\hotspot\src\share\vm\classfile\systemDictionary.cpp, l
Event: 6.005 Thread 0x000000001ac15000 Exception <a 'java/lang/ClassNotFoundException': org/gradle/api/internal/artifacts/dsl/dependencies/DefaultDependencyHandler_DecoratedCustomizer> (0x00000000e00363d0) thrown at [D:\src\AOSP-openjdk-cygwin\jdk8u\hotspot\src\share\vm\classfile\systemDiction
Event: 6.025 Thread 0x000000001ac15000 Exception <a 'java/lang/ClassNotFoundException': groovy/lang/GString$1BeanInfo> (0x00000000e02f89a8) thrown at [D:\src\AOSP-openjdk-cygwin\jdk8u\hotspot\src\share\vm\classfile\systemDictionary.cpp, line 210]
Event: 6.025 Thread 0x000000001ac15000 Exception <a 'java/lang/ClassNotFoundException': groovy/lang/GStringBeanInfo> (0x00000000e0319918) thrown at [D:\src\AOSP-openjdk-cygwin\jdk8u\hotspot\src\share\vm\classfile\systemDictionary.cpp, line 210]
Event: 6.026 Thread 0x000000001ac15000 Exception <a 'java/lang/ClassNotFoundException': groovy/lang/GStringCustomizer> (0x00000000e033b400) thrown at [D:\src\AOSP-openjdk-cygwin\jdk8u\hotspot\src\share\vm\classfile\systemDictionary.cpp, line 210]
Event: 6.028 Thread 0x000000001ac15000 Exception <a 'java/lang/ClassNotFoundException': groovy/lang/GString$1Customizer> (0x00000000e0369348) thrown at [D:\src\AOSP-openjdk-cygwin\jdk8u\hotspot\src\share\vm\classfile\systemDictionary.cpp, line 210]
Event: 6.032 Thread 0x000000001ac15000 Exception <a 'java/lang/ClassNotFoundException': org/codehaus/groovy/runtime/GStringImplBeanInfo> (0x00000000e0417358) thrown at [D:\src\AOSP-openjdk-cygwin\jdk8u\hotspot\src\share\vm\classfile\systemDictionary.cpp, line 210]
Event: 6.033 Thread 0x000000001ac15000 Exception <a 'java/lang/ClassNotFoundException': org/codehaus/groovy/runtime/GStringImplCustomizer> (0x00000000e0442d80) thrown at [D:\src\AOSP-openjdk-cygwin\jdk8u\hotspot\src\share\vm\classfile\systemDictionary.cpp, line 210]

Events (10 events):
Event: 6.144 loading class org/gradle/api/internal/artifacts/DependencySubstitutionInternal
Event: 6.144 loading class org/gradle/api/internal/artifacts/DependencySubstitutionInternal done
Event: 6.144 loading class org/gradle/api/internal/artifacts/ivyservice/resolveengine/graph/builder/DependencyGraphBuilder
Event: 6.144 loading class org/gradle/api/internal/artifacts/ivyservice/resolveengine/graph/builder/DependencyGraphBuilder done
Event: 6.146 loading class org/gradle/internal/resolve/result/BuildableComponentResolveResult
Event: 6.146 loading class org/gradle/internal/resolve/result/BuildableComponentResolveResult done
Event: 6.146 loading class org/gradle/internal/resolve/result/ComponentResolveResult
Event: 6.146 loading class org/gradle/internal/resolve/result/ComponentResolveResult done
Event: 6.147 loading class org/gradle/internal/component/IncompatibleVariantsSelectionException
Event: 6.147 loading class org/gradle/internal/component/IncompatibleVariantsSelectionException done


Dynamic libraries:
0x00007ff775930000 - 0x00007ff775961000 	D:\Android Studio\jre\bin\java.exe
0x00007ff9b2fe0000 - 0x00007ff9b31d0000 	C:\WINDOWS\SYSTEM32\ntdll.dll
0x00007ff9b2ee0000 - 0x00007ff9b2f92000 	C:\WINDOWS\System32\KERNEL32.DLL
0x00007ff9b0990000 - 0x00007ff9b0c34000 	C:\WINDOWS\System32\KERNELBASE.dll
0x00007ff9b1f90000 - 0x00007ff9b2033000 	C:\WINDOWS\System32\ADVAPI32.dll
0x00007ff9b29e0000 - 0x00007ff9b2a7e000 	C:\WINDOWS\System32\msvcrt.dll
0x00007ff9b2040000 - 0x00007ff9b20d7000 	C:\WINDOWS\System32\sechost.dll
0x00007ff9b17e0000 - 0x00007ff9b1900000 	C:\WINDOWS\System32\RPCRT4.dll
0x00007ff9b1c10000 - 0x00007ff9b1da4000 	C:\WINDOWS\System32\USER32.dll
0x00007ff9afff0000 - 0x00007ff9b0011000 	C:\WINDOWS\System32\win32u.dll
0x00007ff9b1db0000 - 0x00007ff9b1dd6000 	C:\WINDOWS\System32\GDI32.dll
0x00007ff9b0e20000 - 0x00007ff9b0fb4000 	C:\WINDOWS\System32\gdi32full.dll
0x00007ff9b0870000 - 0x00007ff9b090e000 	C:\WINDOWS\System32\msvcp_win.dll
0x00007ff9b0cf0000 - 0x00007ff9b0dea000 	C:\WINDOWS\System32\ucrtbase.dll
0x00007ff99f380000 - 0x00007ff99f604000 	C:\WINDOWS\WinSxS\amd64_microsoft.windows.common-controls_6595b64144ccf1df_6.0.18362.836_none_e6c4b943130f18ed\COMCTL32.dll
0x00007ff9b2b30000 - 0x00007ff9b2e66000 	C:\WINDOWS\System32\combase.dll
0x00007ff9b0910000 - 0x00007ff9b0990000 	C:\WINDOWS\System32\bcryptPrimitives.dll
0x00007ff9b2a80000 - 0x00007ff9b2aae000 	C:\WINDOWS\System32\IMM32.DLL
0x00000000690f0000 - 0x00000000691c2000 	D:\Android Studio\jre\jre\bin\msvcr100.dll
0x00000000692b0000 - 0x0000000069af6000 	D:\Android Studio\jre\jre\bin\server\jvm.dll
0x00007ff9b2b20000 - 0x00007ff9b2b28000 	C:\WINDOWS\System32\PSAPI.DLL
0x00007ff9addb0000 - 0x00007ff9addd4000 	C:\WINDOWS\SYSTEM32\WINMM.dll
0x00007ff9a8330000 - 0x00007ff9a833a000 	C:\WINDOWS\SYSTEM32\VERSION.dll
0x00007ff995fc0000 - 0x00007ff995fc9000 	C:\WINDOWS\SYSTEM32\WSOCK32.dll
0x00007ff9b2ab0000 - 0x00007ff9b2b1f000 	C:\WINDOWS\System32\WS2_32.dll
0x00007ff9ad930000 - 0x00007ff9ad95d000 	C:\WINDOWS\SYSTEM32\WINMMBASE.dll
0x00007ff9b0820000 - 0x00007ff9b086a000 	C:\WINDOWS\System32\cfgmgr32.dll
0x00007ff99e1c0000 - 0x00007ff99e1cf000 	D:\Android Studio\jre\jre\bin\verify.dll
0x00007ff995fd0000 - 0x00007ff995ff9000 	D:\Android Studio\jre\jre\bin\java.dll
0x00007ff99ce90000 - 0x00007ff99cea6000 	D:\Android Studio\jre\jre\bin\zip.dll
0x00007ff9b2220000 - 0x00007ff9b2904000 	C:\WINDOWS\System32\SHELL32.dll
0x00007ff9b1900000 - 0x00007ff9b19a9000 	C:\WINDOWS\System32\shcore.dll
0x00007ff9b0040000 - 0x00007ff9b07be000 	C:\WINDOWS\System32\windows.storage.dll
0x00007ff9affa0000 - 0x00007ff9affc3000 	C:\WINDOWS\System32\profapi.dll
0x00007ff9aff50000 - 0x00007ff9aff9a000 	C:\WINDOWS\System32\powrprof.dll
0x00007ff9aff20000 - 0x00007ff9aff30000 	C:\WINDOWS\System32\UMPDC.dll
0x00007ff9b1f30000 - 0x00007ff9b1f82000 	C:\WINDOWS\System32\shlwapi.dll
0x00007ff9aff30000 - 0x00007ff9aff41000 	C:\WINDOWS\System32\kernel.appcore.dll
0x00007ff9b0020000 - 0x00007ff9b0037000 	C:\WINDOWS\System32\cryptsp.dll
0x00007ff99b800000 - 0x00007ff99b81a000 	D:\Android Studio\jre\jre\bin\net.dll
0x00007ff9a73a0000 - 0x00007ff9a7576000 	C:\WINDOWS\SYSTEM32\urlmon.dll
0x00007ff9a3470000 - 0x00007ff9a3716000 	C:\WINDOWS\SYSTEM32\iertutil.dll
0x00007ff9af960000 - 0x00007ff9af96c000 	C:\WINDOWS\SYSTEM32\CRYPTBASE.DLL
0x00007ff9af790000 - 0x00007ff9af7f7000 	C:\WINDOWS\system32\mswsock.dll
0x00007ff99b870000 - 0x00007ff99b883000 	D:\Android Studio\jre\jre\bin\nio.dll
0x00007ff993220000 - 0x00007ff993246000 	C:\Users\krazy\.gradle\native\30\windows-amd64\native-platform.dll
0x00007ff9a7cb0000 - 0x00007ff9a7cbd000 	D:\Android Studio\jre\jre\bin\management.dll
0x00007ff9af300000 - 0x00007ff9af333000 	C:\WINDOWS\system32\rsaenh.dll
0x00007ff9b0df0000 - 0x00007ff9b0e16000 	C:\WINDOWS\System32\bcrypt.dll
0x00007ff9afe40000 - 0x00007ff9afe65000 	C:\WINDOWS\SYSTEM32\USERENV.dll
0x00007ff9af4a0000 - 0x00007ff9af4da000 	C:\WINDOWS\SYSTEM32\IPHLPAPI.DLL
0x00007ff9b1f20000 - 0x00007ff9b1f28000 	C:\WINDOWS\System32\NSI.dll
0x00007ff9a82e0000 - 0x00007ff9a82f6000 	C:\WINDOWS\SYSTEM32\dhcpcsvc6.DLL
0x00007ff9a84e0000 - 0x00007ff9a84fc000 	C:\WINDOWS\SYSTEM32\dhcpcsvc.DLL
0x00007ff9af4e0000 - 0x00007ff9af5ab000 	C:\WINDOWS\SYSTEM32\DNSAPI.dll

VM Arguments:
jvm_args: -Xmx1536m -Dfile.encoding=windows-1252 -Duser.country=US -Duser.language=en -Duser.variant 
java_command: org.gradle.launcher.daemon.bootstrap.GradleDaemon 5.6.4
java_class_path (initial): C:\Users\krazy\.gradle\wrapper\dists\gradle-5.6.4-all\ankdp27end7byghfw1q2sw75f\gradle-5.6.4\lib\gradle-launcher-5.6.4.jar
Launcher Type: SUN_STANDARD

Environment Variables:
PATH=C:\Program Files (x86)\Razer Chroma SDK\bin;C:\Program Files\Razer Chroma SDK\bin;C:\Program Files (x86)\Common Files\Oracle\Java\javapath;C:\Program Files\Oculus\Support\oculus-runtime;C:\Program Files (x86)\Intel\iCLS Client\;C:\Program Files\Intel\iCLS Client\;C:\Windows\system32;C:\Windows;C:\Windows\System32\Wbem;C:\Windows\System32\WindowsPowerShell\v1.0\;C:\Program Files (x86)\Intel\Intel(R) Management Engine Components\DAL;C:\Program Files\Intel\Intel(R) Management Engine Components\DAL;C:\Program Files (x86)\Intel\Intel(R) Management Engine Components\IPT;C:\Program Files\Intel\Intel(R) Management Engine Components\IPT;C:\Program Files (x86)\NVIDIA Corporation\PhysX\Common;C:\WINDOWS\system32;C:\WINDOWS;C:\WINDOWS\System32\Wbem;C:\WINDOWS\System32\WindowsPowerShell\v1.0\;C:\WINDOWS\System32\OpenSSH\;C:\Users\krazy\AppData\Local\Microsoft\WindowsApps;C:\Users\krazy\AppData\Local\Microsoft\WindowsApps;
USERNAME=krazy
OS=Windows_NT
PROCESSOR_IDENTIFIER=Intel64 Family 6 Model 94 Stepping 3, GenuineIntel



---------------  S Y S T E M  ---------------

OS: Windows 10.0 , 64 bit Build 18362 (10.0.18362.778)

CPU:total 8 (initial active 8) (4 cores per cpu, 2 threads per core) family 6 model 94 stepping 3, cmov, cx8, fxsr, mmx, sse, sse2, sse3, ssse3, sse4.1, sse4.2, popcnt, avx, avx2, aes, clmul, erms, rtm, 3dnowpref, lzcnt, ht, tsc, tscinvbit, bmi1, bmi2, adx

Memory: 4k page, physical 16733896k(2389216k free), swap 32177432k(86064k free)

vm_info: OpenJDK 64-Bit Server VM (25.212-b04) for windows-amd64 JRE (1.8.0_212-release-1586-b04), built by "builder" with MS VC++ 10.0 (VS2010)

time: Fri Jun 05 18:02:47 2020
timezone: Central Daylight Time
elapsed time: 6 seconds (0d 0h 0m 6s)

